<?xml version="1.0" encoding="UTF-8"?>
<!-- Generated by org.testng.reporters.JUnitReportReporter -->
<testsuite hostname="Rahul07" name="com.demo.jenkins.Hello" tests="1" failures="0" timestamp="7 Aug 2018 15:20:35 GMT" time="14.548" errors="0">
  <testcase name="Test1" time="14.548" classname="com.demo.jenkins.Hello"/>
</testsuite>
